[2024-07-31T03:27:34.371+0000] {local_task_job_runner.py:120} INFO - ::group::Pre task execution logs
[2024-07-31T03:27:34.415+0000] {taskinstance.py:2076} INFO - Dependencies all met for dep_context=non-requeueable deps ti=<TaskInstance: Pipeline.insert_data_postgrees scheduled__2024-07-31T03:26:00+00:00 [queued]>
[2024-07-31T03:27:34.426+0000] {taskinstance.py:2076} INFO - Dependencies all met for dep_context=requeueable deps ti=<TaskInstance: Pipeline.insert_data_postgrees scheduled__2024-07-31T03:26:00+00:00 [queued]>
[2024-07-31T03:27:34.439+0000] {taskinstance.py:2306} INFO - Starting attempt 1 of 2
[2024-07-31T03:27:34.458+0000] {taskinstance.py:2330} INFO - Executing <Task(PythonOperator): insert_data_postgrees> on 2024-07-31 03:26:00+00:00
[2024-07-31T03:27:34.474+0000] {standard_task_runner.py:64} INFO - Started process 16387 to run task
[2024-07-31T03:27:34.478+0000] {standard_task_runner.py:90} INFO - Running: ['***', 'tasks', 'run', 'Pipeline', 'insert_data_postgrees', 'scheduled__2024-07-31T03:26:00+00:00', '--job-id', '676', '--raw', '--subdir', 'DAGS_FOLDER/pipeline.py', '--cfg-path', '/tmp/tmpaqlqgu40']
[2024-07-31T03:27:34.481+0000] {standard_task_runner.py:91} INFO - Job 676: Subtask insert_data_postgrees
[2024-07-31T03:27:34.555+0000] {task_command.py:426} INFO - Running <TaskInstance: Pipeline.insert_data_postgrees scheduled__2024-07-31T03:26:00+00:00 [running]> on host f17ca52b44b4
[2024-07-31T03:27:34.701+0000] {taskinstance.py:2648} INFO - Exporting env vars: AIRFLOW_CTX_DAG_OWNER='***' AIRFLOW_CTX_DAG_ID='Pipeline' AIRFLOW_CTX_TASK_ID='insert_data_postgrees' AIRFLOW_CTX_EXECUTION_DATE='2024-07-31T03:26:00+00:00' AIRFLOW_CTX_TRY_NUMBER='1' AIRFLOW_CTX_DAG_RUN_ID='scheduled__2024-07-31T03:26:00+00:00'
[2024-07-31T03:27:34.703+0000] {taskinstance.py:430} INFO - ::endgroup::
[2024-07-31T03:27:35.027+0000] {logging_mixin.py:188} INFO - Data frame obtenido
[2024-07-31T03:27:35.031+0000] {logging_mixin.py:188} INFO -  Empty DataFrame
Columns: [fecha, hora, direcci_n, nro_formulario, tipo_gravedad, tipo_hecho, clase_vehiculo, tipo_de_servicio, franja horaria]
Index: [] 
[2024-07-31T03:27:35.032+0000] {python.py:237} INFO - Done. Returned value was: None
[2024-07-31T03:27:35.033+0000] {taskinstance.py:441} INFO - ::group::Post task execution logs
[2024-07-31T03:27:35.042+0000] {taskinstance.py:1206} INFO - Marking task as SUCCESS. dag_id=Pipeline, task_id=insert_data_postgrees, run_id=scheduled__2024-07-31T03:26:00+00:00, execution_date=20240731T032600, start_date=20240731T032734, end_date=20240731T032735
[2024-07-31T03:27:35.094+0000] {local_task_job_runner.py:243} INFO - Task exited with return code 0
[2024-07-31T03:27:35.127+0000] {taskinstance.py:3503} INFO - 1 downstream tasks scheduled from follow-on schedule check
[2024-07-31T03:27:35.131+0000] {local_task_job_runner.py:222} INFO - ::endgroup::
