[2024-07-30T18:30:06.471+0000] {local_task_job_runner.py:120} INFO - ::group::Pre task execution logs
[2024-07-30T18:30:06.495+0000] {taskinstance.py:2076} INFO - Dependencies all met for dep_context=non-requeueable deps ti=<TaskInstance: Pipeline.data_cleansing scheduled__2024-07-30T18:22:00+00:00 [queued]>
[2024-07-30T18:30:06.509+0000] {taskinstance.py:2076} INFO - Dependencies all met for dep_context=requeueable deps ti=<TaskInstance: Pipeline.data_cleansing scheduled__2024-07-30T18:22:00+00:00 [queued]>
[2024-07-30T18:30:06.511+0000] {taskinstance.py:2306} INFO - Starting attempt 2 of 2
[2024-07-30T18:30:06.524+0000] {taskinstance.py:2330} INFO - Executing <Task(PythonOperator): data_cleansing> on 2024-07-30 18:22:00+00:00
[2024-07-30T18:30:06.534+0000] {standard_task_runner.py:64} INFO - Started process 796 to run task
[2024-07-30T18:30:06.537+0000] {standard_task_runner.py:90} INFO - Running: ['***', 'tasks', 'run', 'Pipeline', 'data_cleansing', 'scheduled__2024-07-30T18:22:00+00:00', '--job-id', '482', '--raw', '--subdir', 'DAGS_FOLDER/pipeline.py', '--cfg-path', '/tmp/tmpfbovl2mq']
[2024-07-30T18:30:06.541+0000] {standard_task_runner.py:91} INFO - Job 482: Subtask data_cleansing
[2024-07-30T18:30:06.589+0000] {task_command.py:426} INFO - Running <TaskInstance: Pipeline.data_cleansing scheduled__2024-07-30T18:22:00+00:00 [running]> on host f17ca52b44b4
[2024-07-30T18:30:06.672+0000] {taskinstance.py:2648} INFO - Exporting env vars: AIRFLOW_CTX_DAG_OWNER='***' AIRFLOW_CTX_DAG_ID='Pipeline' AIRFLOW_CTX_TASK_ID='data_cleansing' AIRFLOW_CTX_EXECUTION_DATE='2024-07-30T18:22:00+00:00' AIRFLOW_CTX_TRY_NUMBER='2' AIRFLOW_CTX_DAG_RUN_ID='scheduled__2024-07-30T18:22:00+00:00'
[2024-07-30T18:30:06.673+0000] {taskinstance.py:430} INFO - ::endgroup::
[2024-07-30T18:30:06.684+0000] {taskinstance.py:441} INFO - ::group::Post task execution logs
[2024-07-30T18:30:06.685+0000] {taskinstance.py:2905} ERROR - Task failed with exception
Traceback (most recent call last):
  File "/home/airflow/.local/lib/python3.8/site-packages/airflow/models/taskinstance.py", line 465, in _execute_task
    result = _execute_callable(context=context, **execute_callable_kwargs)
  File "/home/airflow/.local/lib/python3.8/site-packages/airflow/models/taskinstance.py", line 432, in _execute_callable
    return execute_callable(context=context, **execute_callable_kwargs)
  File "/home/airflow/.local/lib/python3.8/site-packages/airflow/models/baseoperator.py", line 401, in wrapper
    return func(self, *args, **kwargs)
  File "/home/airflow/.local/lib/python3.8/site-packages/airflow/operators/python.py", line 235, in execute
    return_value = self.execute_callable()
  File "/home/airflow/.local/lib/python3.8/site-packages/airflow/operators/python.py", line 252, in execute_callable
    return self.python_callable(*self.op_args, **self.op_kwargs)
TypeError: data_cleansing() missing 1 required positional argument: 'data_df'
[2024-07-30T18:30:06.693+0000] {taskinstance.py:1206} INFO - Marking task as FAILED. dag_id=Pipeline, task_id=data_cleansing, run_id=scheduled__2024-07-30T18:22:00+00:00, execution_date=20240730T182200, start_date=20240730T183006, end_date=20240730T183006
[2024-07-30T18:30:06.703+0000] {standard_task_runner.py:110} ERROR - Failed to execute job 482 for task data_cleansing (data_cleansing() missing 1 required positional argument: 'data_df'; 796)
[2024-07-30T18:30:06.752+0000] {local_task_job_runner.py:243} INFO - Task exited with return code 1
[2024-07-30T18:30:06.798+0000] {taskinstance.py:3503} INFO - 0 downstream tasks scheduled from follow-on schedule check
[2024-07-30T18:30:06.824+0000] {local_task_job_runner.py:222} INFO - ::endgroup::
