[2024-07-27T02:46:21.417+0000] {local_task_job_runner.py:120} INFO - ::group::Pre task execution logs
[2024-07-27T02:46:21.439+0000] {taskinstance.py:2076} INFO - Dependencies all met for dep_context=non-requeueable deps ti=<TaskInstance: Pipeline.transforms_data scheduled__2024-07-27T02:43:00+00:00 [queued]>
[2024-07-27T02:46:21.462+0000] {taskinstance.py:2076} INFO - Dependencies all met for dep_context=requeueable deps ti=<TaskInstance: Pipeline.transforms_data scheduled__2024-07-27T02:43:00+00:00 [queued]>
[2024-07-27T02:46:21.463+0000] {taskinstance.py:2306} INFO - Starting attempt 2 of 2
[2024-07-27T02:46:21.477+0000] {taskinstance.py:2330} INFO - Executing <Task(PythonOperator): transforms_data> on 2024-07-27 02:43:00+00:00
[2024-07-27T02:46:21.486+0000] {standard_task_runner.py:64} INFO - Started process 1379 to run task
[2024-07-27T02:46:21.489+0000] {standard_task_runner.py:90} INFO - Running: ['***', 'tasks', 'run', 'Pipeline', 'transforms_data', 'scheduled__2024-07-27T02:43:00+00:00', '--job-id', '406', '--raw', '--subdir', 'DAGS_FOLDER/pipeline.py', '--cfg-path', '/tmp/tmpk6l6_l__']
[2024-07-27T02:46:21.492+0000] {standard_task_runner.py:91} INFO - Job 406: Subtask transforms_data
[2024-07-27T02:46:21.583+0000] {task_command.py:426} INFO - Running <TaskInstance: Pipeline.transforms_data scheduled__2024-07-27T02:43:00+00:00 [running]> on host 9802fafdbfe2
[2024-07-27T02:46:21.741+0000] {taskinstance.py:2648} INFO - Exporting env vars: AIRFLOW_CTX_DAG_OWNER='***' AIRFLOW_CTX_DAG_ID='Pipeline' AIRFLOW_CTX_TASK_ID='transforms_data' AIRFLOW_CTX_EXECUTION_DATE='2024-07-27T02:43:00+00:00' AIRFLOW_CTX_TRY_NUMBER='2' AIRFLOW_CTX_DAG_RUN_ID='scheduled__2024-07-27T02:43:00+00:00'
[2024-07-27T02:46:21.746+0000] {taskinstance.py:430} INFO - ::endgroup::
[2024-07-27T02:46:22.100+0000] {logging_mixin.py:188} INFO - 
Datos convertido en DataFrame:
[2024-07-27T02:46:22.111+0000] {logging_mixin.py:188} INFO -    orden       fecha      hora  ...   tipo_hecho clase_vehiculo tipo_de_servicio
0     1  02/01/2021  20:45:00  ...  Volcamiento      AUTOMOVIL       PARTICULAR

[1 rows x 9 columns]
[2024-07-27T02:46:22.738+0000] {taskinstance.py:441} INFO - ::group::Post task execution logs
[2024-07-27T02:46:22.743+0000] {taskinstance.py:2905} ERROR - Task failed with exception
Traceback (most recent call last):
  File "/home/airflow/.local/lib/python3.8/site-packages/airflow/models/taskinstance.py", line 465, in _execute_task
    result = _execute_callable(context=context, **execute_callable_kwargs)
  File "/home/airflow/.local/lib/python3.8/site-packages/airflow/models/taskinstance.py", line 432, in _execute_callable
    return execute_callable(context=context, **execute_callable_kwargs)
  File "/home/airflow/.local/lib/python3.8/site-packages/airflow/models/baseoperator.py", line 401, in wrapper
    return func(self, *args, **kwargs)
  File "/home/airflow/.local/lib/python3.8/site-packages/airflow/operators/python.py", line 235, in execute
    return_value = self.execute_callable()
  File "/home/airflow/.local/lib/python3.8/site-packages/airflow/operators/python.py", line 252, in execute_callable
    return self.python_callable(*self.op_args, **self.op_kwargs)
  File "/opt/airflow/dags/funtions.py", line 39, in transform_data
    dag_folder = context['dag'].folder
NameError: name 'context' is not defined
[2024-07-27T02:46:22.766+0000] {taskinstance.py:1206} INFO - Marking task as FAILED. dag_id=Pipeline, task_id=transforms_data, run_id=scheduled__2024-07-27T02:43:00+00:00, execution_date=20240727T024300, start_date=20240727T024621, end_date=20240727T024622
[2024-07-27T02:46:22.796+0000] {standard_task_runner.py:110} ERROR - Failed to execute job 406 for task transforms_data (name 'context' is not defined; 1379)
[2024-07-27T02:46:22.833+0000] {local_task_job_runner.py:243} INFO - Task exited with return code 1
[2024-07-27T02:46:22.872+0000] {taskinstance.py:3503} INFO - 0 downstream tasks scheduled from follow-on schedule check
[2024-07-27T02:46:22.918+0000] {local_task_job_runner.py:222} INFO - ::endgroup::
