[2024-07-31T03:24:57.212+0000] {local_task_job_runner.py:120} INFO - ::group::Pre task execution logs
[2024-07-31T03:24:57.234+0000] {taskinstance.py:2076} INFO - Dependencies all met for dep_context=non-requeueable deps ti=<TaskInstance: Pipeline.insert_data_postgrees scheduled__2024-07-31T03:23:00+00:00 [queued]>
[2024-07-31T03:24:57.243+0000] {taskinstance.py:2076} INFO - Dependencies all met for dep_context=requeueable deps ti=<TaskInstance: Pipeline.insert_data_postgrees scheduled__2024-07-31T03:23:00+00:00 [queued]>
[2024-07-31T03:24:57.244+0000] {taskinstance.py:2306} INFO - Starting attempt 1 of 2
[2024-07-31T03:24:57.256+0000] {taskinstance.py:2330} INFO - Executing <Task(PythonOperator): insert_data_postgrees> on 2024-07-31 03:23:00+00:00
[2024-07-31T03:24:57.266+0000] {standard_task_runner.py:64} INFO - Started process 15722 to run task
[2024-07-31T03:24:57.270+0000] {standard_task_runner.py:90} INFO - Running: ['***', 'tasks', 'run', 'Pipeline', 'insert_data_postgrees', 'scheduled__2024-07-31T03:23:00+00:00', '--job-id', '658', '--raw', '--subdir', 'DAGS_FOLDER/pipeline.py', '--cfg-path', '/tmp/tmp8c0khm_h']
[2024-07-31T03:24:57.277+0000] {standard_task_runner.py:91} INFO - Job 658: Subtask insert_data_postgrees
[2024-07-31T03:24:57.394+0000] {task_command.py:426} INFO - Running <TaskInstance: Pipeline.insert_data_postgrees scheduled__2024-07-31T03:23:00+00:00 [running]> on host f17ca52b44b4
[2024-07-31T03:24:57.509+0000] {taskinstance.py:2648} INFO - Exporting env vars: AIRFLOW_CTX_DAG_OWNER='***' AIRFLOW_CTX_DAG_ID='Pipeline' AIRFLOW_CTX_TASK_ID='insert_data_postgrees' AIRFLOW_CTX_EXECUTION_DATE='2024-07-31T03:23:00+00:00' AIRFLOW_CTX_TRY_NUMBER='1' AIRFLOW_CTX_DAG_RUN_ID='scheduled__2024-07-31T03:23:00+00:00'
[2024-07-31T03:24:57.511+0000] {taskinstance.py:430} INFO - ::endgroup::
[2024-07-31T03:24:57.763+0000] {logging_mixin.py:188} INFO - Data frame obtenido
[2024-07-31T03:24:57.779+0000] {logging_mixin.py:188} INFO -         fecha      hora  ... tipo_de_servicio franja horaria
0  02/01/2021  20:45:00  ...       PARTICULAR          Noche
1  03/01/2021  11:50:00  ...          PUBLICO         Mañana
2  04/01/2021  13:20:00  ...       PARTICULAR          Tarde
3  04/01/2021  15:30:00  ...          OFICIAL          Tarde
4  04/01/2021  19:00:00  ...       PARTICULAR          Noche

[5 rows x 9 columns]
[2024-07-31T03:24:57.780+0000] {python.py:237} INFO - Done. Returned value was: None
[2024-07-31T03:24:57.781+0000] {taskinstance.py:441} INFO - ::group::Post task execution logs
[2024-07-31T03:24:57.790+0000] {taskinstance.py:1206} INFO - Marking task as SUCCESS. dag_id=Pipeline, task_id=insert_data_postgrees, run_id=scheduled__2024-07-31T03:23:00+00:00, execution_date=20240731T032300, start_date=20240731T032457, end_date=20240731T032457
[2024-07-31T03:24:57.854+0000] {local_task_job_runner.py:243} INFO - Task exited with return code 0
[2024-07-31T03:24:57.909+0000] {taskinstance.py:3503} INFO - 1 downstream tasks scheduled from follow-on schedule check
[2024-07-31T03:24:57.921+0000] {local_task_job_runner.py:222} INFO - ::endgroup::
