[2024-07-25T02:59:02.247+0000] {local_task_job_runner.py:120} INFO - ::group::Pre task execution logs
[2024-07-25T02:59:02.420+0000] {taskinstance.py:2076} INFO - Dependencies all met for dep_context=non-requeueable deps ti=<TaskInstance: Pipeline.first_task scheduled__2024-07-25T02:58:00+00:00 [queued]>
[2024-07-25T02:59:02.428+0000] {taskinstance.py:2076} INFO - Dependencies all met for dep_context=requeueable deps ti=<TaskInstance: Pipeline.first_task scheduled__2024-07-25T02:58:00+00:00 [queued]>
[2024-07-25T02:59:02.438+0000] {taskinstance.py:2306} INFO - Starting attempt 1 of 2
[2024-07-25T02:59:02.454+0000] {taskinstance.py:2330} INFO - Executing <Task(PythonOperator): first_task> on 2024-07-25 02:58:00+00:00
[2024-07-25T02:59:02.461+0000] {warnings.py:112} WARNING - /home/***/.local/lib/python3.12/site-packages/***/task/task_runner/standard_task_runner.py:62: DeprecationWarning: This process (pid=914) is multi-threaded, use of fork() may lead to deadlocks in the child.
  pid = os.fork()

[2024-07-25T02:59:02.463+0000] {standard_task_runner.py:64} INFO - Started process 916 to run task
[2024-07-25T02:59:02.463+0000] {standard_task_runner.py:90} INFO - Running: ['***', 'tasks', 'run', 'Pipeline', 'first_task', 'scheduled__2024-07-25T02:58:00+00:00', '--job-id', '54', '--raw', '--subdir', 'DAGS_FOLDER/pipeline.py', '--cfg-path', '/tmp/tmpnbwq6nyb']
[2024-07-25T02:59:02.466+0000] {standard_task_runner.py:91} INFO - Job 54: Subtask first_task
[2024-07-25T02:59:02.511+0000] {task_command.py:426} INFO - Running <TaskInstance: Pipeline.first_task scheduled__2024-07-25T02:58:00+00:00 [running]> on host f7d3c5e5ad21
[2024-07-25T02:59:02.590+0000] {taskinstance.py:2648} INFO - Exporting env vars: AIRFLOW_CTX_DAG_OWNER='***' AIRFLOW_CTX_DAG_ID='Pipeline' AIRFLOW_CTX_TASK_ID='first_task' AIRFLOW_CTX_EXECUTION_DATE='2024-07-25T02:58:00+00:00' AIRFLOW_CTX_TRY_NUMBER='1' AIRFLOW_CTX_DAG_RUN_ID='scheduled__2024-07-25T02:58:00+00:00'
[2024-07-25T02:59:02.591+0000] {taskinstance.py:430} INFO - ::endgroup::
[2024-07-25T02:59:03.323+0000] {logging_mixin.py:188} INFO - Obtained data
[2024-07-25T02:59:03.324+0000] {python.py:237} INFO - Done. Returned value was: None
[2024-07-25T02:59:03.325+0000] {taskinstance.py:441} INFO - ::group::Post task execution logs
[2024-07-25T02:59:03.334+0000] {taskinstance.py:1206} INFO - Marking task as SUCCESS. dag_id=Pipeline, task_id=first_task, run_id=scheduled__2024-07-25T02:58:00+00:00, execution_date=20240725T025800, start_date=20240725T025902, end_date=20240725T025903
[2024-07-25T02:59:03.362+0000] {local_task_job_runner.py:243} INFO - Task exited with return code 0
[2024-07-25T02:59:03.383+0000] {taskinstance.py:3503} INFO - 0 downstream tasks scheduled from follow-on schedule check
[2024-07-25T02:59:03.386+0000] {local_task_job_runner.py:222} INFO - ::endgroup::
