[2024-07-31T03:25:29.844+0000] {local_task_job_runner.py:120} INFO - ::group::Pre task execution logs
[2024-07-31T03:25:29.871+0000] {taskinstance.py:2076} INFO - Dependencies all met for dep_context=non-requeueable deps ti=<TaskInstance: Pipeline.data_cleansing scheduled__2024-07-31T03:24:00+00:00 [queued]>
[2024-07-31T03:25:29.882+0000] {taskinstance.py:2076} INFO - Dependencies all met for dep_context=requeueable deps ti=<TaskInstance: Pipeline.data_cleansing scheduled__2024-07-31T03:24:00+00:00 [queued]>
[2024-07-31T03:25:29.885+0000] {taskinstance.py:2306} INFO - Starting attempt 1 of 2
[2024-07-31T03:25:29.899+0000] {taskinstance.py:2330} INFO - Executing <Task(PythonOperator): data_cleansing> on 2024-07-31 03:24:00+00:00
[2024-07-31T03:25:29.910+0000] {standard_task_runner.py:64} INFO - Started process 15878 to run task
[2024-07-31T03:25:29.913+0000] {standard_task_runner.py:90} INFO - Running: ['***', 'tasks', 'run', 'Pipeline', 'data_cleansing', 'scheduled__2024-07-31T03:24:00+00:00', '--job-id', '662', '--raw', '--subdir', 'DAGS_FOLDER/pipeline.py', '--cfg-path', '/tmp/tmpd2t5th15']
[2024-07-31T03:25:29.917+0000] {standard_task_runner.py:91} INFO - Job 662: Subtask data_cleansing
[2024-07-31T03:25:29.965+0000] {task_command.py:426} INFO - Running <TaskInstance: Pipeline.data_cleansing scheduled__2024-07-31T03:24:00+00:00 [running]> on host f17ca52b44b4
[2024-07-31T03:25:30.049+0000] {taskinstance.py:2648} INFO - Exporting env vars: AIRFLOW_CTX_DAG_OWNER='***' AIRFLOW_CTX_DAG_ID='Pipeline' AIRFLOW_CTX_TASK_ID='data_cleansing' AIRFLOW_CTX_EXECUTION_DATE='2024-07-31T03:24:00+00:00' AIRFLOW_CTX_TRY_NUMBER='1' AIRFLOW_CTX_DAG_RUN_ID='scheduled__2024-07-31T03:24:00+00:00'
[2024-07-31T03:25:30.051+0000] {taskinstance.py:430} INFO - ::endgroup::
[2024-07-31T03:25:30.479+0000] {logging_mixin.py:188} INFO - 

            fecha      hora  ... tipo_de_servicio franja horaria
0  02/01/2021  20:45:00  ...       PARTICULAR          Noche

[1 rows x 9 columns]
[2024-07-31T03:25:30.494+0000] {logging_mixin.py:188} INFO - Contenido verificado del Parquet file:
[2024-07-31T03:25:30.503+0000] {logging_mixin.py:188} INFO -         fecha      hora  ... tipo_de_servicio franja horaria
0  02/01/2021  20:45:00  ...       PARTICULAR          Noche
1  03/01/2021  11:50:00  ...          PUBLICO         Mañana
2  04/01/2021  13:20:00  ...       PARTICULAR          Tarde
3  04/01/2021  15:30:00  ...          OFICIAL          Tarde
4  04/01/2021  19:00:00  ...       PARTICULAR          Noche

[5 rows x 9 columns]
[2024-07-31T03:25:30.515+0000] {python.py:237} INFO - Done. Returned value was: None
[2024-07-31T03:25:30.516+0000] {taskinstance.py:441} INFO - ::group::Post task execution logs
[2024-07-31T03:25:30.524+0000] {taskinstance.py:1206} INFO - Marking task as SUCCESS. dag_id=Pipeline, task_id=data_cleansing, run_id=scheduled__2024-07-31T03:24:00+00:00, execution_date=20240731T032400, start_date=20240731T032529, end_date=20240731T032530
[2024-07-31T03:25:30.570+0000] {local_task_job_runner.py:243} INFO - Task exited with return code 0
[2024-07-31T03:25:30.608+0000] {taskinstance.py:3503} INFO - 1 downstream tasks scheduled from follow-on schedule check
[2024-07-31T03:25:30.611+0000] {local_task_job_runner.py:222} INFO - ::endgroup::
