[2024-07-31T03:27:26.574+0000] {local_task_job_runner.py:120} INFO - ::group::Pre task execution logs
[2024-07-31T03:27:26.597+0000] {taskinstance.py:2076} INFO - Dependencies all met for dep_context=non-requeueable deps ti=<TaskInstance: Pipeline.data_cleansing scheduled__2024-07-31T03:26:00+00:00 [queued]>
[2024-07-31T03:27:26.605+0000] {taskinstance.py:2076} INFO - Dependencies all met for dep_context=requeueable deps ti=<TaskInstance: Pipeline.data_cleansing scheduled__2024-07-31T03:26:00+00:00 [queued]>
[2024-07-31T03:27:26.606+0000] {taskinstance.py:2306} INFO - Starting attempt 1 of 2
[2024-07-31T03:27:26.620+0000] {taskinstance.py:2330} INFO - Executing <Task(PythonOperator): data_cleansing> on 2024-07-31 03:26:00+00:00
[2024-07-31T03:27:26.631+0000] {standard_task_runner.py:64} INFO - Started process 16337 to run task
[2024-07-31T03:27:26.634+0000] {standard_task_runner.py:90} INFO - Running: ['***', 'tasks', 'run', 'Pipeline', 'data_cleansing', 'scheduled__2024-07-31T03:26:00+00:00', '--job-id', '674', '--raw', '--subdir', 'DAGS_FOLDER/pipeline.py', '--cfg-path', '/tmp/tmpk1gym3y2']
[2024-07-31T03:27:26.639+0000] {standard_task_runner.py:91} INFO - Job 674: Subtask data_cleansing
[2024-07-31T03:27:26.714+0000] {task_command.py:426} INFO - Running <TaskInstance: Pipeline.data_cleansing scheduled__2024-07-31T03:26:00+00:00 [running]> on host f17ca52b44b4
[2024-07-31T03:27:26.819+0000] {taskinstance.py:2648} INFO - Exporting env vars: AIRFLOW_CTX_DAG_OWNER='***' AIRFLOW_CTX_DAG_ID='Pipeline' AIRFLOW_CTX_TASK_ID='data_cleansing' AIRFLOW_CTX_EXECUTION_DATE='2024-07-31T03:26:00+00:00' AIRFLOW_CTX_TRY_NUMBER='1' AIRFLOW_CTX_DAG_RUN_ID='scheduled__2024-07-31T03:26:00+00:00'
[2024-07-31T03:27:26.821+0000] {taskinstance.py:430} INFO - ::endgroup::
[2024-07-31T03:27:27.133+0000] {logging_mixin.py:188} INFO - 

            fecha      hora  ... tipo_de_servicio franja horaria
0  02/01/2021  20:45:00  ...       PARTICULAR          Noche

[1 rows x 9 columns]
[2024-07-31T03:27:27.148+0000] {logging_mixin.py:188} INFO - Contenido verificado del Parquet file:
[2024-07-31T03:27:27.160+0000] {logging_mixin.py:188} INFO -         fecha      hora  ... tipo_de_servicio franja horaria
0  02/01/2021  20:45:00  ...       PARTICULAR          Noche
1  03/01/2021  11:50:00  ...          PUBLICO         Mañana
2  04/01/2021  13:20:00  ...       PARTICULAR          Tarde
3  04/01/2021  15:30:00  ...          OFICIAL          Tarde
4  04/01/2021  19:00:00  ...       PARTICULAR          Noche

[5 rows x 9 columns]
[2024-07-31T03:27:27.173+0000] {python.py:237} INFO - Done. Returned value was: None
[2024-07-31T03:27:27.174+0000] {taskinstance.py:441} INFO - ::group::Post task execution logs
[2024-07-31T03:27:27.183+0000] {taskinstance.py:1206} INFO - Marking task as SUCCESS. dag_id=Pipeline, task_id=data_cleansing, run_id=scheduled__2024-07-31T03:26:00+00:00, execution_date=20240731T032600, start_date=20240731T032726, end_date=20240731T032727
[2024-07-31T03:27:27.213+0000] {local_task_job_runner.py:243} INFO - Task exited with return code 0
[2024-07-31T03:27:27.244+0000] {taskinstance.py:3503} INFO - 1 downstream tasks scheduled from follow-on schedule check
[2024-07-31T03:27:27.247+0000] {local_task_job_runner.py:222} INFO - ::endgroup::
