[2024-07-25T02:45:10.148+0000] {local_task_job_runner.py:120} INFO - ::group::Pre task execution logs
[2024-07-25T02:45:10.324+0000] {taskinstance.py:2076} INFO - Dependencies all met for dep_context=non-requeueable deps ti=<TaskInstance: Pipeline.first_task scheduled__2024-07-25T02:44:00+00:00 [queued]>
[2024-07-25T02:45:10.335+0000] {taskinstance.py:2076} INFO - Dependencies all met for dep_context=requeueable deps ti=<TaskInstance: Pipeline.first_task scheduled__2024-07-25T02:44:00+00:00 [queued]>
[2024-07-25T02:45:10.345+0000] {taskinstance.py:2306} INFO - Starting attempt 1 of 2
[2024-07-25T02:45:10.357+0000] {taskinstance.py:2330} INFO - Executing <Task(PythonOperator): first_task> on 2024-07-25 02:44:00+00:00
[2024-07-25T02:45:10.365+0000] {warnings.py:112} WARNING - /home/***/.local/lib/python3.12/site-packages/***/task/task_runner/standard_task_runner.py:62: DeprecationWarning: This process (pid=690) is multi-threaded, use of fork() may lead to deadlocks in the child.
  pid = os.fork()

[2024-07-25T02:45:10.367+0000] {standard_task_runner.py:64} INFO - Started process 692 to run task
[2024-07-25T02:45:10.367+0000] {standard_task_runner.py:90} INFO - Running: ['***', 'tasks', 'run', 'Pipeline', 'first_task', 'scheduled__2024-07-25T02:44:00+00:00', '--job-id', '40', '--raw', '--subdir', 'DAGS_FOLDER/pipeline.py', '--cfg-path', '/tmp/tmpt0i8hlat']
[2024-07-25T02:45:10.371+0000] {standard_task_runner.py:91} INFO - Job 40: Subtask first_task
[2024-07-25T02:45:10.415+0000] {task_command.py:426} INFO - Running <TaskInstance: Pipeline.first_task scheduled__2024-07-25T02:44:00+00:00 [running]> on host f7d3c5e5ad21
[2024-07-25T02:45:10.498+0000] {taskinstance.py:2648} INFO - Exporting env vars: AIRFLOW_CTX_DAG_OWNER='***' AIRFLOW_CTX_DAG_ID='Pipeline' AIRFLOW_CTX_TASK_ID='first_task' AIRFLOW_CTX_EXECUTION_DATE='2024-07-25T02:44:00+00:00' AIRFLOW_CTX_TRY_NUMBER='1' AIRFLOW_CTX_DAG_RUN_ID='scheduled__2024-07-25T02:44:00+00:00'
[2024-07-25T02:45:10.500+0000] {taskinstance.py:430} INFO - ::endgroup::
[2024-07-25T02:45:11.520+0000] {logging_mixin.py:188} INFO - Obtained data
[2024-07-25T02:45:11.522+0000] {python.py:237} INFO - Done. Returned value was: None
[2024-07-25T02:45:11.523+0000] {taskinstance.py:441} INFO - ::group::Post task execution logs
[2024-07-25T02:45:11.534+0000] {taskinstance.py:1206} INFO - Marking task as SUCCESS. dag_id=Pipeline, task_id=first_task, run_id=scheduled__2024-07-25T02:44:00+00:00, execution_date=20240725T024400, start_date=20240725T024510, end_date=20240725T024511
[2024-07-25T02:45:11.588+0000] {local_task_job_runner.py:243} INFO - Task exited with return code 0
[2024-07-25T02:45:11.608+0000] {taskinstance.py:3503} INFO - 0 downstream tasks scheduled from follow-on schedule check
[2024-07-25T02:45:11.610+0000] {local_task_job_runner.py:222} INFO - ::endgroup::
