[2024-07-25T04:10:39.279+0000] {local_task_job_runner.py:120} INFO - ::group::Pre task execution logs
[2024-07-25T04:10:39.440+0000] {taskinstance.py:2076} INFO - Dependencies all met for dep_context=non-requeueable deps ti=<TaskInstance: Pipeline.transforms_data scheduled__2024-07-25T04:08:00+00:00 [queued]>
[2024-07-25T04:10:39.448+0000] {taskinstance.py:2076} INFO - Dependencies all met for dep_context=requeueable deps ti=<TaskInstance: Pipeline.transforms_data scheduled__2024-07-25T04:08:00+00:00 [queued]>
[2024-07-25T04:10:39.449+0000] {taskinstance.py:2306} INFO - Starting attempt 2 of 2
[2024-07-25T04:10:39.462+0000] {taskinstance.py:2330} INFO - Executing <Task(PythonOperator): transforms_data> on 2024-07-25 04:08:00+00:00
[2024-07-25T04:10:39.470+0000] {warnings.py:112} WARNING - /home/***/.local/lib/python3.12/site-packages/***/task/task_runner/standard_task_runner.py:62: DeprecationWarning: This process (pid=1910) is multi-threaded, use of fork() may lead to deadlocks in the child.
  pid = os.fork()

[2024-07-25T04:10:39.473+0000] {standard_task_runner.py:64} INFO - Started process 1912 to run task
[2024-07-25T04:10:39.473+0000] {standard_task_runner.py:90} INFO - Running: ['***', 'tasks', 'run', 'Pipeline', 'transforms_data', 'scheduled__2024-07-25T04:08:00+00:00', '--job-id', '80', '--raw', '--subdir', 'DAGS_FOLDER/pipeline.py', '--cfg-path', '/tmp/tmpgqj7mx59']
[2024-07-25T04:10:39.475+0000] {standard_task_runner.py:91} INFO - Job 80: Subtask transforms_data
[2024-07-25T04:10:39.524+0000] {task_command.py:426} INFO - Running <TaskInstance: Pipeline.transforms_data scheduled__2024-07-25T04:08:00+00:00 [running]> on host f7d3c5e5ad21
[2024-07-25T04:10:39.646+0000] {taskinstance.py:2648} INFO - Exporting env vars: AIRFLOW_CTX_DAG_OWNER='***' AIRFLOW_CTX_DAG_ID='Pipeline' AIRFLOW_CTX_TASK_ID='transforms_data' AIRFLOW_CTX_EXECUTION_DATE='2024-07-25T04:08:00+00:00' AIRFLOW_CTX_TRY_NUMBER='2' AIRFLOW_CTX_DAG_RUN_ID='scheduled__2024-07-25T04:08:00+00:00'
[2024-07-25T04:10:39.651+0000] {taskinstance.py:430} INFO - ::endgroup::
[2024-07-25T04:10:39.675+0000] {taskinstance.py:441} INFO - ::group::Post task execution logs
[2024-07-25T04:10:39.676+0000] {taskinstance.py:2905} ERROR - Task failed with exception
Traceback (most recent call last):
  File "/home/airflow/.local/lib/python3.12/site-packages/airflow/models/taskinstance.py", line 465, in _execute_task
    result = _execute_callable(context=context, **execute_callable_kwargs)
             ^^^^^^^^^^^^^^^^^^^^^^^^^^^^^^^^^^^^^^^^^^^^^^^^^^^^^^^^^^^^^
  File "/home/airflow/.local/lib/python3.12/site-packages/airflow/models/taskinstance.py", line 432, in _execute_callable
    return execute_callable(context=context, **execute_callable_kwargs)
           ^^^^^^^^^^^^^^^^^^^^^^^^^^^^^^^^^^^^^^^^^^^^^^^^^^^^^^^^^^^^
  File "/home/airflow/.local/lib/python3.12/site-packages/airflow/models/baseoperator.py", line 401, in wrapper
    return func(self, *args, **kwargs)
           ^^^^^^^^^^^^^^^^^^^^^^^^^^^
  File "/home/airflow/.local/lib/python3.12/site-packages/airflow/operators/python.py", line 235, in execute
    return_value = self.execute_callable()
                   ^^^^^^^^^^^^^^^^^^^^^^^
  File "/home/airflow/.local/lib/python3.12/site-packages/airflow/operators/python.py", line 252, in execute_callable
    return self.python_callable(*self.op_args, **self.op_kwargs)
           ^^^^^^^^^^^^^^^^^^^^^^^^^^^^^^^^^^^^^^^^^^^^^^^^^^^^^
TypeError: transform_data() missing 1 required positional argument: 'data'
[2024-07-25T04:10:39.685+0000] {taskinstance.py:1206} INFO - Marking task as FAILED. dag_id=Pipeline, task_id=transforms_data, run_id=scheduled__2024-07-25T04:08:00+00:00, execution_date=20240725T040800, start_date=20240725T041039, end_date=20240725T041039
[2024-07-25T04:10:39.696+0000] {standard_task_runner.py:110} ERROR - Failed to execute job 80 for task transforms_data (transform_data() missing 1 required positional argument: 'data'; 1912)
[2024-07-25T04:10:39.729+0000] {local_task_job_runner.py:243} INFO - Task exited with return code 1
[2024-07-25T04:10:39.751+0000] {taskinstance.py:3503} INFO - 0 downstream tasks scheduled from follow-on schedule check
[2024-07-25T04:10:39.755+0000] {local_task_job_runner.py:222} INFO - ::endgroup::
