[2024-07-29T20:37:31.983+0000] {local_task_job_runner.py:120} INFO - ::group::Pre task execution logs
[2024-07-29T20:37:32.006+0000] {taskinstance.py:2076} INFO - Dependencies all met for dep_context=non-requeueable deps ti=<TaskInstance: Pipeline.data_cleansing scheduled__2024-07-29T20:36:00+00:00 [queued]>
[2024-07-29T20:37:32.014+0000] {taskinstance.py:2076} INFO - Dependencies all met for dep_context=requeueable deps ti=<TaskInstance: Pipeline.data_cleansing scheduled__2024-07-29T20:36:00+00:00 [queued]>
[2024-07-29T20:37:32.016+0000] {taskinstance.py:2306} INFO - Starting attempt 1 of 2
[2024-07-29T20:37:32.030+0000] {taskinstance.py:2330} INFO - Executing <Task(PythonOperator): data_cleansing> on 2024-07-29 20:36:00+00:00
[2024-07-29T20:37:32.040+0000] {standard_task_runner.py:64} INFO - Started process 11553 to run task
[2024-07-29T20:37:32.043+0000] {standard_task_runner.py:90} INFO - Running: ['***', 'tasks', 'run', 'Pipeline', 'data_cleansing', 'scheduled__2024-07-29T20:36:00+00:00', '--job-id', '450', '--raw', '--subdir', 'DAGS_FOLDER/pipeline.py', '--cfg-path', '/tmp/tmpu9sotl8r']
[2024-07-29T20:37:32.046+0000] {standard_task_runner.py:91} INFO - Job 450: Subtask data_cleansing
[2024-07-29T20:37:32.096+0000] {task_command.py:426} INFO - Running <TaskInstance: Pipeline.data_cleansing scheduled__2024-07-29T20:36:00+00:00 [running]> on host 964cbcd9e13f
[2024-07-29T20:37:32.201+0000] {taskinstance.py:2648} INFO - Exporting env vars: AIRFLOW_CTX_DAG_OWNER='***' AIRFLOW_CTX_DAG_ID='Pipeline' AIRFLOW_CTX_TASK_ID='data_cleansing' AIRFLOW_CTX_EXECUTION_DATE='2024-07-29T20:36:00+00:00' AIRFLOW_CTX_TRY_NUMBER='1' AIRFLOW_CTX_DAG_RUN_ID='scheduled__2024-07-29T20:36:00+00:00'
[2024-07-29T20:37:32.203+0000] {taskinstance.py:430} INFO - ::endgroup::
[2024-07-29T20:37:32.457+0000] {logging_mixin.py:188} INFO - 

 %%%%%%%% Datos transformados %%%%%%%%

 -------Empty DataFrame
Columns: [fecha, hora, direcci_n, nro_formulario, tipo_gravedad, tipo_hecho, clase_vehiculo, tipo_de_servicio]
Index: []---------
[2024-07-29T20:37:32.459+0000] {python.py:237} INFO - Done. Returned value was: None
[2024-07-29T20:37:32.459+0000] {taskinstance.py:441} INFO - ::group::Post task execution logs
[2024-07-29T20:37:32.468+0000] {taskinstance.py:1206} INFO - Marking task as SUCCESS. dag_id=Pipeline, task_id=data_cleansing, run_id=scheduled__2024-07-29T20:36:00+00:00, execution_date=20240729T203600, start_date=20240729T203732, end_date=20240729T203732
[2024-07-29T20:37:32.498+0000] {local_task_job_runner.py:243} INFO - Task exited with return code 0
[2024-07-29T20:37:32.528+0000] {taskinstance.py:3503} INFO - 0 downstream tasks scheduled from follow-on schedule check
[2024-07-29T20:37:32.533+0000] {local_task_job_runner.py:222} INFO - ::endgroup::
