[2024-07-29T17:12:37.313+0000] {local_task_job_runner.py:120} INFO - ::group::Pre task execution logs
[2024-07-29T17:12:37.350+0000] {taskinstance.py:2076} INFO - Dependencies all met for dep_context=non-requeueable deps ti=<TaskInstance: Pipeline.data_cleansing scheduled__2024-07-29T17:11:00+00:00 [queued]>
[2024-07-29T17:12:37.364+0000] {taskinstance.py:2076} INFO - Dependencies all met for dep_context=requeueable deps ti=<TaskInstance: Pipeline.data_cleansing scheduled__2024-07-29T17:11:00+00:00 [queued]>
[2024-07-29T17:12:37.365+0000] {taskinstance.py:2306} INFO - Starting attempt 1 of 2
[2024-07-29T17:12:37.383+0000] {taskinstance.py:2330} INFO - Executing <Task(PythonOperator): data_cleansing> on 2024-07-29 17:11:00+00:00
[2024-07-29T17:12:37.392+0000] {standard_task_runner.py:64} INFO - Started process 2013 to run task
[2024-07-29T17:12:37.396+0000] {standard_task_runner.py:90} INFO - Running: ['***', 'tasks', 'run', 'Pipeline', 'data_cleansing', 'scheduled__2024-07-29T17:11:00+00:00', '--job-id', '419', '--raw', '--subdir', 'DAGS_FOLDER/pipeline.py', '--cfg-path', '/tmp/tmpv2pg78qu']
[2024-07-29T17:12:37.400+0000] {standard_task_runner.py:91} INFO - Job 419: Subtask data_cleansing
[2024-07-29T17:12:37.465+0000] {task_command.py:426} INFO - Running <TaskInstance: Pipeline.data_cleansing scheduled__2024-07-29T17:11:00+00:00 [running]> on host 964cbcd9e13f
[2024-07-29T17:12:37.598+0000] {taskinstance.py:2648} INFO - Exporting env vars: AIRFLOW_CTX_DAG_OWNER='***' AIRFLOW_CTX_DAG_ID='Pipeline' AIRFLOW_CTX_TASK_ID='data_cleansing' AIRFLOW_CTX_EXECUTION_DATE='2024-07-29T17:11:00+00:00' AIRFLOW_CTX_TRY_NUMBER='1' AIRFLOW_CTX_DAG_RUN_ID='scheduled__2024-07-29T17:11:00+00:00'
[2024-07-29T17:12:37.600+0000] {taskinstance.py:430} INFO - ::endgroup::
[2024-07-29T17:12:37.861+0000] {logging_mixin.py:188} INFO - 
 Datos transformados 

   orden       fecha      hora  ...   tipo_hecho clase_vehiculo tipo_de_servicio
0     1  02/01/2021  20:45:00  ...  Volcamiento      AUTOMOVIL       PARTICULAR

[1 rows x 9 columns]
[2024-07-29T17:12:37.862+0000] {python.py:237} INFO - Done. Returned value was:     orden       fecha      hora  ...   tipo_hecho clase_vehiculo tipo_de_servicio
0       1  02/01/2021  20:45:00  ...  Volcamiento      AUTOMOVIL       PARTICULAR
1       2  03/01/2021  11:50:00  ...       Choque      AUTOMOVIL          PUBLICO
2       3  04/01/2021  13:20:00  ...       Choque    MOTOCICLETA       PARTICULAR
3       4  04/01/2021  15:30:00  ...       Choque    MOTOCICLETA          OFICIAL
4       5  04/01/2021  19:00:00  ...       Choque      AUTOMOVIL       PARTICULAR
..    ...         ...       ...  ...          ...            ...              ...
995   996  06/11/2021  08:30:00  ...       Choque      AUTOMOVIL       PARTICULAR
996   997  06/11/2021  13:25:00  ...       Choque      CAMIONETA       PARTICULAR
997   998  06/11/2021  14:30:00  ...       Choque      AUTOMOVIL       PARTICULAR
998   999  06/11/2021  14:50:00  ...       Choque      CAMIONETA       PARTICULAR
999  1000  06/11/2021  19:00:00  ...       Choque      AUTOMOVIL       PARTICULAR

[1000 rows x 9 columns]
[2024-07-29T17:12:37.873+0000] {taskinstance.py:441} INFO - ::group::Post task execution logs
[2024-07-29T17:12:37.932+0000] {taskinstance.py:1206} INFO - Marking task as SUCCESS. dag_id=Pipeline, task_id=data_cleansing, run_id=scheduled__2024-07-29T17:11:00+00:00, execution_date=20240729T171100, start_date=20240729T171237, end_date=20240729T171237
[2024-07-29T17:12:38.012+0000] {local_task_job_runner.py:243} INFO - Task exited with return code 0
[2024-07-29T17:12:38.039+0000] {taskinstance.py:3503} INFO - 0 downstream tasks scheduled from follow-on schedule check
[2024-07-29T17:12:38.041+0000] {local_task_job_runner.py:222} INFO - ::endgroup::
