[2024-07-29T17:13:29.051+0000] {local_task_job_runner.py:120} INFO - ::group::Pre task execution logs
[2024-07-29T17:13:29.090+0000] {taskinstance.py:2076} INFO - Dependencies all met for dep_context=non-requeueable deps ti=<TaskInstance: Pipeline.data_cleansing scheduled__2024-07-29T17:12:00+00:00 [queued]>
[2024-07-29T17:13:29.105+0000] {taskinstance.py:2076} INFO - Dependencies all met for dep_context=requeueable deps ti=<TaskInstance: Pipeline.data_cleansing scheduled__2024-07-29T17:12:00+00:00 [queued]>
[2024-07-29T17:13:29.117+0000] {taskinstance.py:2306} INFO - Starting attempt 1 of 2
[2024-07-29T17:13:29.135+0000] {taskinstance.py:2330} INFO - Executing <Task(PythonOperator): data_cleansing> on 2024-07-29 17:12:00+00:00
[2024-07-29T17:13:29.145+0000] {standard_task_runner.py:64} INFO - Started process 2175 to run task
[2024-07-29T17:13:29.148+0000] {standard_task_runner.py:90} INFO - Running: ['***', 'tasks', 'run', 'Pipeline', 'data_cleansing', 'scheduled__2024-07-29T17:12:00+00:00', '--job-id', '423', '--raw', '--subdir', 'DAGS_FOLDER/pipeline.py', '--cfg-path', '/tmp/tmpwnfj2t17']
[2024-07-29T17:13:29.157+0000] {standard_task_runner.py:91} INFO - Job 423: Subtask data_cleansing
[2024-07-29T17:13:29.222+0000] {task_command.py:426} INFO - Running <TaskInstance: Pipeline.data_cleansing scheduled__2024-07-29T17:12:00+00:00 [running]> on host 964cbcd9e13f
[2024-07-29T17:13:29.355+0000] {taskinstance.py:2648} INFO - Exporting env vars: AIRFLOW_CTX_DAG_OWNER='***' AIRFLOW_CTX_DAG_ID='Pipeline' AIRFLOW_CTX_TASK_ID='data_cleansing' AIRFLOW_CTX_EXECUTION_DATE='2024-07-29T17:12:00+00:00' AIRFLOW_CTX_TRY_NUMBER='1' AIRFLOW_CTX_DAG_RUN_ID='scheduled__2024-07-29T17:12:00+00:00'
[2024-07-29T17:13:29.357+0000] {taskinstance.py:430} INFO - ::endgroup::
[2024-07-29T17:13:29.627+0000] {logging_mixin.py:188} INFO - 
 Datos transformados 

   orden       fecha      hora  ...   tipo_hecho clase_vehiculo tipo_de_servicio
0     1  02/01/2021  20:45:00  ...  Volcamiento      AUTOMOVIL       PARTICULAR

[1 rows x 9 columns]
[2024-07-29T17:13:29.628+0000] {python.py:237} INFO - Done. Returned value was: None
[2024-07-29T17:13:29.629+0000] {taskinstance.py:441} INFO - ::group::Post task execution logs
[2024-07-29T17:13:29.639+0000] {taskinstance.py:1206} INFO - Marking task as SUCCESS. dag_id=Pipeline, task_id=data_cleansing, run_id=scheduled__2024-07-29T17:12:00+00:00, execution_date=20240729T171200, start_date=20240729T171329, end_date=20240729T171329
[2024-07-29T17:13:29.684+0000] {local_task_job_runner.py:243} INFO - Task exited with return code 0
[2024-07-29T17:13:29.703+0000] {taskinstance.py:3503} INFO - 0 downstream tasks scheduled from follow-on schedule check
[2024-07-29T17:13:29.705+0000] {local_task_job_runner.py:222} INFO - ::endgroup::
