[2024-07-31T03:07:30.424+0000] {local_task_job_runner.py:120} INFO - ::group::Pre task execution logs
[2024-07-31T03:07:30.449+0000] {taskinstance.py:2076} INFO - Dependencies all met for dep_context=non-requeueable deps ti=<TaskInstance: Pipeline.data_cleansing scheduled__2024-07-31T03:06:00+00:00 [queued]>
[2024-07-31T03:07:30.459+0000] {taskinstance.py:2076} INFO - Dependencies all met for dep_context=requeueable deps ti=<TaskInstance: Pipeline.data_cleansing scheduled__2024-07-31T03:06:00+00:00 [queued]>
[2024-07-31T03:07:30.460+0000] {taskinstance.py:2306} INFO - Starting attempt 1 of 2
[2024-07-31T03:07:30.477+0000] {taskinstance.py:2330} INFO - Executing <Task(PythonOperator): data_cleansing> on 2024-07-31 03:06:00+00:00
[2024-07-31T03:07:30.487+0000] {standard_task_runner.py:64} INFO - Started process 14140 to run task
[2024-07-31T03:07:30.490+0000] {standard_task_runner.py:90} INFO - Running: ['***', 'tasks', 'run', 'Pipeline', 'data_cleansing', 'scheduled__2024-07-31T03:06:00+00:00', '--job-id', '632', '--raw', '--subdir', 'DAGS_FOLDER/pipeline.py', '--cfg-path', '/tmp/tmp83841fma']
[2024-07-31T03:07:30.493+0000] {standard_task_runner.py:91} INFO - Job 632: Subtask data_cleansing
[2024-07-31T03:07:30.542+0000] {task_command.py:426} INFO - Running <TaskInstance: Pipeline.data_cleansing scheduled__2024-07-31T03:06:00+00:00 [running]> on host f17ca52b44b4
[2024-07-31T03:07:30.622+0000] {taskinstance.py:2648} INFO - Exporting env vars: AIRFLOW_CTX_DAG_OWNER='***' AIRFLOW_CTX_DAG_ID='Pipeline' AIRFLOW_CTX_TASK_ID='data_cleansing' AIRFLOW_CTX_EXECUTION_DATE='2024-07-31T03:06:00+00:00' AIRFLOW_CTX_TRY_NUMBER='1' AIRFLOW_CTX_DAG_RUN_ID='scheduled__2024-07-31T03:06:00+00:00'
[2024-07-31T03:07:30.624+0000] {taskinstance.py:430} INFO - ::endgroup::
[2024-07-31T03:07:30.924+0000] {logging_mixin.py:188} INFO - 

            fecha      hora  ... tipo_de_servicio franja horaria
0  02/01/2021  20:45:00  ...       PARTICULAR          Noche

[1 rows x 9 columns]
[2024-07-31T03:07:30.943+0000] {logging_mixin.py:188} INFO - Contenido verificado del Parquet file:
[2024-07-31T03:07:30.953+0000] {logging_mixin.py:188} INFO -         fecha      hora  ... tipo_de_servicio franja horaria
0  02/01/2021  20:45:00  ...       PARTICULAR          Noche
1  03/01/2021  11:50:00  ...          PUBLICO         Mañana
2  04/01/2021  13:20:00  ...       PARTICULAR          Tarde
3  04/01/2021  15:30:00  ...          OFICIAL          Tarde
4  04/01/2021  19:00:00  ...       PARTICULAR          Noche

[5 rows x 9 columns]
[2024-07-31T03:07:30.959+0000] {python.py:237} INFO - Done. Returned value was: None
[2024-07-31T03:07:30.966+0000] {taskinstance.py:441} INFO - ::group::Post task execution logs
[2024-07-31T03:07:30.982+0000] {taskinstance.py:1206} INFO - Marking task as SUCCESS. dag_id=Pipeline, task_id=data_cleansing, run_id=scheduled__2024-07-31T03:06:00+00:00, execution_date=20240731T030600, start_date=20240731T030730, end_date=20240731T030730
[2024-07-31T03:07:31.067+0000] {local_task_job_runner.py:243} INFO - Task exited with return code 0
[2024-07-31T03:07:31.148+0000] {taskinstance.py:3503} INFO - 1 downstream tasks scheduled from follow-on schedule check
[2024-07-31T03:07:31.164+0000] {local_task_job_runner.py:222} INFO - ::endgroup::
