[2024-07-31T03:24:49.394+0000] {local_task_job_runner.py:120} INFO - ::group::Pre task execution logs
[2024-07-31T03:24:49.416+0000] {taskinstance.py:2076} INFO - Dependencies all met for dep_context=non-requeueable deps ti=<TaskInstance: Pipeline.data_cleansing scheduled__2024-07-31T03:23:00+00:00 [queued]>
[2024-07-31T03:24:49.428+0000] {taskinstance.py:2076} INFO - Dependencies all met for dep_context=requeueable deps ti=<TaskInstance: Pipeline.data_cleansing scheduled__2024-07-31T03:23:00+00:00 [queued]>
[2024-07-31T03:24:49.429+0000] {taskinstance.py:2306} INFO - Starting attempt 1 of 2
[2024-07-31T03:24:49.451+0000] {taskinstance.py:2330} INFO - Executing <Task(PythonOperator): data_cleansing> on 2024-07-31 03:23:00+00:00
[2024-07-31T03:24:49.460+0000] {standard_task_runner.py:64} INFO - Started process 15672 to run task
[2024-07-31T03:24:49.463+0000] {standard_task_runner.py:90} INFO - Running: ['***', 'tasks', 'run', 'Pipeline', 'data_cleansing', 'scheduled__2024-07-31T03:23:00+00:00', '--job-id', '656', '--raw', '--subdir', 'DAGS_FOLDER/pipeline.py', '--cfg-path', '/tmp/tmpw2sayaz9']
[2024-07-31T03:24:49.467+0000] {standard_task_runner.py:91} INFO - Job 656: Subtask data_cleansing
[2024-07-31T03:24:49.527+0000] {task_command.py:426} INFO - Running <TaskInstance: Pipeline.data_cleansing scheduled__2024-07-31T03:23:00+00:00 [running]> on host f17ca52b44b4
[2024-07-31T03:24:49.636+0000] {taskinstance.py:2648} INFO - Exporting env vars: AIRFLOW_CTX_DAG_OWNER='***' AIRFLOW_CTX_DAG_ID='Pipeline' AIRFLOW_CTX_TASK_ID='data_cleansing' AIRFLOW_CTX_EXECUTION_DATE='2024-07-31T03:23:00+00:00' AIRFLOW_CTX_TRY_NUMBER='1' AIRFLOW_CTX_DAG_RUN_ID='scheduled__2024-07-31T03:23:00+00:00'
[2024-07-31T03:24:49.638+0000] {taskinstance.py:430} INFO - ::endgroup::
[2024-07-31T03:24:49.961+0000] {logging_mixin.py:188} INFO - 

            fecha      hora  ... tipo_de_servicio franja horaria
0  02/01/2021  20:45:00  ...       PARTICULAR          Noche

[1 rows x 9 columns]
[2024-07-31T03:24:49.975+0000] {logging_mixin.py:188} INFO - Contenido verificado del Parquet file:
[2024-07-31T03:24:49.987+0000] {logging_mixin.py:188} INFO -         fecha      hora  ... tipo_de_servicio franja horaria
0  02/01/2021  20:45:00  ...       PARTICULAR          Noche
1  03/01/2021  11:50:00  ...          PUBLICO         Mañana
2  04/01/2021  13:20:00  ...       PARTICULAR          Tarde
3  04/01/2021  15:30:00  ...          OFICIAL          Tarde
4  04/01/2021  19:00:00  ...       PARTICULAR          Noche

[5 rows x 9 columns]
[2024-07-31T03:24:50.005+0000] {python.py:237} INFO - Done. Returned value was: None
[2024-07-31T03:24:50.006+0000] {taskinstance.py:441} INFO - ::group::Post task execution logs
[2024-07-31T03:24:50.018+0000] {taskinstance.py:1206} INFO - Marking task as SUCCESS. dag_id=Pipeline, task_id=data_cleansing, run_id=scheduled__2024-07-31T03:23:00+00:00, execution_date=20240731T032300, start_date=20240731T032449, end_date=20240731T032450
[2024-07-31T03:24:50.080+0000] {local_task_job_runner.py:243} INFO - Task exited with return code 0
[2024-07-31T03:24:50.108+0000] {taskinstance.py:3503} INFO - 1 downstream tasks scheduled from follow-on schedule check
[2024-07-31T03:24:50.110+0000] {local_task_job_runner.py:222} INFO - ::endgroup::
