[2024-07-27T02:01:15.957+0000] {local_task_job_runner.py:120} INFO - ::group::Pre task execution logs
[2024-07-27T02:01:15.992+0000] {taskinstance.py:2076} INFO - Dependencies all met for dep_context=non-requeueable deps ti=<TaskInstance: Pipeline.transforms_data scheduled__2024-07-27T01:58:00+00:00 [queued]>
[2024-07-27T02:01:16.010+0000] {taskinstance.py:2076} INFO - Dependencies all met for dep_context=requeueable deps ti=<TaskInstance: Pipeline.transforms_data scheduled__2024-07-27T01:58:00+00:00 [queued]>
[2024-07-27T02:01:16.032+0000] {taskinstance.py:2306} INFO - Starting attempt 2 of 2
[2024-07-27T02:01:16.080+0000] {taskinstance.py:2330} INFO - Executing <Task(PythonOperator): transforms_data> on 2024-07-27 01:58:00+00:00
[2024-07-27T02:01:16.098+0000] {standard_task_runner.py:64} INFO - Started process 3333 to run task
[2024-07-27T02:01:16.103+0000] {standard_task_runner.py:90} INFO - Running: ['***', 'tasks', 'run', 'Pipeline', 'transforms_data', 'scheduled__2024-07-27T01:58:00+00:00', '--job-id', '361', '--raw', '--subdir', 'DAGS_FOLDER/pipeline.py', '--cfg-path', '/tmp/tmpi4nfnde8']
[2024-07-27T02:01:16.111+0000] {standard_task_runner.py:91} INFO - Job 361: Subtask transforms_data
[2024-07-27T02:01:16.282+0000] {task_command.py:426} INFO - Running <TaskInstance: Pipeline.transforms_data scheduled__2024-07-27T01:58:00+00:00 [running]> on host 31ef1e6fa80b
[2024-07-27T02:01:16.499+0000] {taskinstance.py:2648} INFO - Exporting env vars: AIRFLOW_CTX_DAG_OWNER='***' AIRFLOW_CTX_DAG_ID='Pipeline' AIRFLOW_CTX_TASK_ID='transforms_data' AIRFLOW_CTX_EXECUTION_DATE='2024-07-27T01:58:00+00:00' AIRFLOW_CTX_TRY_NUMBER='2' AIRFLOW_CTX_DAG_RUN_ID='scheduled__2024-07-27T01:58:00+00:00'
[2024-07-27T02:01:16.503+0000] {taskinstance.py:430} INFO - ::endgroup::
[2024-07-27T02:01:16.812+0000] {logging_mixin.py:188} INFO - 
Datos convertido en DataFrame:
[2024-07-27T02:01:16.824+0000] {logging_mixin.py:188} INFO -    orden       fecha      hora  ...   tipo_hecho clase_vehiculo tipo_de_servicio
0     1  02/01/2021  20:45:00  ...  Volcamiento      AUTOMOVIL       PARTICULAR

[1 rows x 9 columns]
[2024-07-27T02:01:17.454+0000] {taskinstance.py:441} INFO - ::group::Post task execution logs
[2024-07-27T02:01:17.456+0000] {taskinstance.py:2905} ERROR - Task failed with exception
Traceback (most recent call last):
  File "/home/airflow/.local/lib/python3.8/site-packages/airflow/models/taskinstance.py", line 465, in _execute_task
    result = _execute_callable(context=context, **execute_callable_kwargs)
  File "/home/airflow/.local/lib/python3.8/site-packages/airflow/models/taskinstance.py", line 432, in _execute_callable
    return execute_callable(context=context, **execute_callable_kwargs)
  File "/home/airflow/.local/lib/python3.8/site-packages/airflow/models/baseoperator.py", line 401, in wrapper
    return func(self, *args, **kwargs)
  File "/home/airflow/.local/lib/python3.8/site-packages/airflow/operators/python.py", line 235, in execute
    return_value = self.execute_callable()
  File "/home/airflow/.local/lib/python3.8/site-packages/airflow/operators/python.py", line 252, in execute_callable
    return self.python_callable(*self.op_args, **self.op_kwargs)
  File "/opt/airflow/dags/funtions.py", line 35, in transform_data
    profile.to_file(output_dir,'data_quality_report.html')
  File "/home/airflow/.local/lib/python3.8/site-packages/ydata_profiling/profile_report.py", line 351, in to_file
    def to_file(self, output_file: Union[str, Path], silent: bool = True) -> None:
  File "/home/airflow/.local/lib/python3.8/site-packages/typeguard/_functions.py", line 136, in check_argument_types
    check_type_internal(value, annotation, memo)
  File "/home/airflow/.local/lib/python3.8/site-packages/typeguard/_checkers.py", line 866, in check_type_internal
    raise TypeCheckError(f"is not an instance of {qualified_name(origin_type)}")
typeguard.TypeCheckError: argument "silent" (str) is not an instance of bool
[2024-07-27T02:01:17.469+0000] {taskinstance.py:1206} INFO - Marking task as FAILED. dag_id=Pipeline, task_id=transforms_data, run_id=scheduled__2024-07-27T01:58:00+00:00, execution_date=20240727T015800, start_date=20240727T020115, end_date=20240727T020117
[2024-07-27T02:01:17.494+0000] {standard_task_runner.py:110} ERROR - Failed to execute job 361 for task transforms_data (argument "silent" (str) is not an instance of bool; 3333)
[2024-07-27T02:01:17.528+0000] {local_task_job_runner.py:243} INFO - Task exited with return code 1
[2024-07-27T02:01:17.549+0000] {taskinstance.py:3503} INFO - 0 downstream tasks scheduled from follow-on schedule check
[2024-07-27T02:01:17.554+0000] {local_task_job_runner.py:222} INFO - ::endgroup::
