[2024-07-25T04:19:10.682+0000] {local_task_job_runner.py:120} INFO - ::group::Pre task execution logs
[2024-07-25T04:19:10.855+0000] {taskinstance.py:2076} INFO - Dependencies all met for dep_context=non-requeueable deps ti=<TaskInstance: Pipeline.transforms_data scheduled__2024-07-25T04:18:00+00:00 [queued]>
[2024-07-25T04:19:10.863+0000] {taskinstance.py:2076} INFO - Dependencies all met for dep_context=requeueable deps ti=<TaskInstance: Pipeline.transforms_data scheduled__2024-07-25T04:18:00+00:00 [queued]>
[2024-07-25T04:19:10.864+0000] {taskinstance.py:2306} INFO - Starting attempt 1 of 2
[2024-07-25T04:19:10.877+0000] {taskinstance.py:2330} INFO - Executing <Task(PythonOperator): transforms_data> on 2024-07-25 04:18:00+00:00
[2024-07-25T04:19:10.884+0000] {warnings.py:112} WARNING - /home/***/.local/lib/python3.12/site-packages/***/task/task_runner/standard_task_runner.py:62: DeprecationWarning: This process (pid=2046) is multi-threaded, use of fork() may lead to deadlocks in the child.
  pid = os.fork()

[2024-07-25T04:19:10.886+0000] {standard_task_runner.py:64} INFO - Started process 2048 to run task
[2024-07-25T04:19:10.885+0000] {standard_task_runner.py:90} INFO - Running: ['***', 'tasks', 'run', 'Pipeline', 'transforms_data', 'scheduled__2024-07-25T04:18:00+00:00', '--job-id', '88', '--raw', '--subdir', 'DAGS_FOLDER/pipeline.py', '--cfg-path', '/tmp/tmp0xp80k3t']
[2024-07-25T04:19:10.888+0000] {standard_task_runner.py:91} INFO - Job 88: Subtask transforms_data
[2024-07-25T04:19:10.933+0000] {task_command.py:426} INFO - Running <TaskInstance: Pipeline.transforms_data scheduled__2024-07-25T04:18:00+00:00 [running]> on host f7d3c5e5ad21
[2024-07-25T04:19:11.072+0000] {taskinstance.py:2648} INFO - Exporting env vars: AIRFLOW_CTX_DAG_OWNER='***' AIRFLOW_CTX_DAG_ID='Pipeline' AIRFLOW_CTX_TASK_ID='transforms_data' AIRFLOW_CTX_EXECUTION_DATE='2024-07-25T04:18:00+00:00' AIRFLOW_CTX_TRY_NUMBER='1' AIRFLOW_CTX_DAG_RUN_ID='scheduled__2024-07-25T04:18:00+00:00'
[2024-07-25T04:19:11.073+0000] {taskinstance.py:430} INFO - ::endgroup::
[2024-07-25T04:19:11.090+0000] {warnings.py:112} WARNING - /opt/***/dags/funtions.py:19: FutureWarning: Passing literal json to 'read_json' is deprecated and will be removed in a future version. To read from a literal string, wrap it in a 'StringIO' object.
  data_df=pd.read_json(data)

[2024-07-25T04:19:11.091+0000] {taskinstance.py:441} INFO - ::group::Post task execution logs
[2024-07-25T04:19:11.091+0000] {taskinstance.py:2905} ERROR - Task failed with exception
Traceback (most recent call last):
  File "/home/airflow/.local/lib/python3.12/site-packages/airflow/models/taskinstance.py", line 465, in _execute_task
    result = _execute_callable(context=context, **execute_callable_kwargs)
             ^^^^^^^^^^^^^^^^^^^^^^^^^^^^^^^^^^^^^^^^^^^^^^^^^^^^^^^^^^^^^
  File "/home/airflow/.local/lib/python3.12/site-packages/airflow/models/taskinstance.py", line 432, in _execute_callable
    return execute_callable(context=context, **execute_callable_kwargs)
           ^^^^^^^^^^^^^^^^^^^^^^^^^^^^^^^^^^^^^^^^^^^^^^^^^^^^^^^^^^^^
  File "/home/airflow/.local/lib/python3.12/site-packages/airflow/models/baseoperator.py", line 401, in wrapper
    return func(self, *args, **kwargs)
           ^^^^^^^^^^^^^^^^^^^^^^^^^^^
  File "/home/airflow/.local/lib/python3.12/site-packages/airflow/operators/python.py", line 235, in execute
    return_value = self.execute_callable()
                   ^^^^^^^^^^^^^^^^^^^^^^^
  File "/home/airflow/.local/lib/python3.12/site-packages/airflow/operators/python.py", line 252, in execute_callable
    return self.python_callable(*self.op_args, **self.op_kwargs)
           ^^^^^^^^^^^^^^^^^^^^^^^^^^^^^^^^^^^^^^^^^^^^^^^^^^^^^
  File "/opt/airflow/dags/funtions.py", line 19, in transform_data
    data_df=pd.read_json(data)
            ^^^^^^^^^^^^^^^^^^
  File "/home/airflow/.local/lib/python3.12/site-packages/pandas/io/json/_json.py", line 804, in read_json
    return json_reader.read()
           ^^^^^^^^^^^^^^^^^^
  File "/home/airflow/.local/lib/python3.12/site-packages/pandas/io/json/_json.py", line 1014, in read
    obj = self._get_object_parser(self.data)
          ^^^^^^^^^^^^^^^^^^^^^^^^^^^^^^^^^^
  File "/home/airflow/.local/lib/python3.12/site-packages/pandas/io/json/_json.py", line 1040, in _get_object_parser
    obj = FrameParser(json, **kwargs).parse()
          ^^^^^^^^^^^^^^^^^^^^^^^^^^^^^^^^^^^
  File "/home/airflow/.local/lib/python3.12/site-packages/pandas/io/json/_json.py", line 1173, in parse
    self._parse()
  File "/home/airflow/.local/lib/python3.12/site-packages/pandas/io/json/_json.py", line 1366, in _parse
    ujson_loads(json, precise_float=self.precise_float), dtype=None
    ^^^^^^^^^^^^^^^^^^^^^^^^^^^^^^^^^^^^^^^^^^^^^^^^^^^
ValueError: Expected object or value
[2024-07-25T04:19:11.100+0000] {taskinstance.py:1206} INFO - Marking task as UP_FOR_RETRY. dag_id=Pipeline, task_id=transforms_data, run_id=scheduled__2024-07-25T04:18:00+00:00, execution_date=20240725T041800, start_date=20240725T041910, end_date=20240725T041911
[2024-07-25T04:19:11.110+0000] {standard_task_runner.py:110} ERROR - Failed to execute job 88 for task transforms_data (Expected object or value; 2048)
[2024-07-25T04:19:11.141+0000] {local_task_job_runner.py:243} INFO - Task exited with return code 1
[2024-07-25T04:19:11.179+0000] {taskinstance.py:3503} INFO - 0 downstream tasks scheduled from follow-on schedule check
[2024-07-25T04:19:11.182+0000] {local_task_job_runner.py:222} INFO - ::endgroup::
