[2024-07-31T03:26:31.842+0000] {local_task_job_runner.py:120} INFO - ::group::Pre task execution logs
[2024-07-31T03:26:31.863+0000] {taskinstance.py:2076} INFO - Dependencies all met for dep_context=non-requeueable deps ti=<TaskInstance: Pipeline.insert_data_postgrees scheduled__2024-07-31T03:25:00+00:00 [queued]>
[2024-07-31T03:26:31.873+0000] {taskinstance.py:2076} INFO - Dependencies all met for dep_context=requeueable deps ti=<TaskInstance: Pipeline.insert_data_postgrees scheduled__2024-07-31T03:25:00+00:00 [queued]>
[2024-07-31T03:26:31.874+0000] {taskinstance.py:2306} INFO - Starting attempt 1 of 2
[2024-07-31T03:26:31.886+0000] {taskinstance.py:2330} INFO - Executing <Task(PythonOperator): insert_data_postgrees> on 2024-07-31 03:25:00+00:00
[2024-07-31T03:26:31.895+0000] {standard_task_runner.py:64} INFO - Started process 16158 to run task
[2024-07-31T03:26:31.898+0000] {standard_task_runner.py:90} INFO - Running: ['***', 'tasks', 'run', 'Pipeline', 'insert_data_postgrees', 'scheduled__2024-07-31T03:25:00+00:00', '--job-id', '670', '--raw', '--subdir', 'DAGS_FOLDER/pipeline.py', '--cfg-path', '/tmp/tmpiltlin4b']
[2024-07-31T03:26:31.901+0000] {standard_task_runner.py:91} INFO - Job 670: Subtask insert_data_postgrees
[2024-07-31T03:26:31.979+0000] {task_command.py:426} INFO - Running <TaskInstance: Pipeline.insert_data_postgrees scheduled__2024-07-31T03:25:00+00:00 [running]> on host f17ca52b44b4
[2024-07-31T03:26:32.064+0000] {taskinstance.py:2648} INFO - Exporting env vars: AIRFLOW_CTX_DAG_OWNER='***' AIRFLOW_CTX_DAG_ID='Pipeline' AIRFLOW_CTX_TASK_ID='insert_data_postgrees' AIRFLOW_CTX_EXECUTION_DATE='2024-07-31T03:25:00+00:00' AIRFLOW_CTX_TRY_NUMBER='1' AIRFLOW_CTX_DAG_RUN_ID='scheduled__2024-07-31T03:25:00+00:00'
[2024-07-31T03:26:32.065+0000] {taskinstance.py:430} INFO - ::endgroup::
[2024-07-31T03:26:32.372+0000] {logging_mixin.py:188} INFO - Data frame obtenido
[2024-07-31T03:26:32.390+0000] {logging_mixin.py:188} INFO -         fecha      hora  ... tipo_de_servicio franja horaria
0  02/01/2021  20:45:00  ...       PARTICULAR          Noche
1  03/01/2021  11:50:00  ...          PUBLICO         Mañana
2  04/01/2021  13:20:00  ...       PARTICULAR          Tarde
3  04/01/2021  15:30:00  ...          OFICIAL          Tarde
4  04/01/2021  19:00:00  ...       PARTICULAR          Noche

[5 rows x 9 columns]
[2024-07-31T03:26:32.391+0000] {python.py:237} INFO - Done. Returned value was: None
[2024-07-31T03:26:32.392+0000] {taskinstance.py:441} INFO - ::group::Post task execution logs
[2024-07-31T03:26:32.406+0000] {taskinstance.py:1206} INFO - Marking task as SUCCESS. dag_id=Pipeline, task_id=insert_data_postgrees, run_id=scheduled__2024-07-31T03:25:00+00:00, execution_date=20240731T032500, start_date=20240731T032631, end_date=20240731T032632
[2024-07-31T03:26:32.474+0000] {local_task_job_runner.py:243} INFO - Task exited with return code 0
[2024-07-31T03:26:32.499+0000] {taskinstance.py:3503} INFO - 1 downstream tasks scheduled from follow-on schedule check
[2024-07-31T03:26:32.502+0000] {local_task_job_runner.py:222} INFO - ::endgroup::
