[2024-07-30T20:35:41.668+0000] {local_task_job_runner.py:120} INFO - ::group::Pre task execution logs
[2024-07-30T20:35:41.690+0000] {taskinstance.py:2076} INFO - Dependencies all met for dep_context=non-requeueable deps ti=<TaskInstance: Pipeline.transforms_data scheduled__2024-07-30T20:34:00+00:00 [queued]>
[2024-07-30T20:35:41.701+0000] {taskinstance.py:2076} INFO - Dependencies all met for dep_context=requeueable deps ti=<TaskInstance: Pipeline.transforms_data scheduled__2024-07-30T20:34:00+00:00 [queued]>
[2024-07-30T20:35:41.702+0000] {taskinstance.py:2306} INFO - Starting attempt 1 of 2
[2024-07-30T20:35:41.716+0000] {taskinstance.py:2330} INFO - Executing <Task(PythonOperator): transforms_data> on 2024-07-30 20:34:00+00:00
[2024-07-30T20:35:41.725+0000] {standard_task_runner.py:64} INFO - Started process 6439 to run task
[2024-07-30T20:35:41.728+0000] {standard_task_runner.py:90} INFO - Running: ['***', 'tasks', 'run', 'Pipeline', 'transforms_data', 'scheduled__2024-07-30T20:34:00+00:00', '--job-id', '499', '--raw', '--subdir', 'DAGS_FOLDER/pipeline.py', '--cfg-path', '/tmp/tmp4lw2zjj8']
[2024-07-30T20:35:41.734+0000] {standard_task_runner.py:91} INFO - Job 499: Subtask transforms_data
[2024-07-30T20:35:41.806+0000] {task_command.py:426} INFO - Running <TaskInstance: Pipeline.transforms_data scheduled__2024-07-30T20:34:00+00:00 [running]> on host f17ca52b44b4
[2024-07-30T20:35:42.021+0000] {taskinstance.py:2648} INFO - Exporting env vars: AIRFLOW_CTX_DAG_OWNER='***' AIRFLOW_CTX_DAG_ID='Pipeline' AIRFLOW_CTX_TASK_ID='transforms_data' AIRFLOW_CTX_EXECUTION_DATE='2024-07-30T20:34:00+00:00' AIRFLOW_CTX_TRY_NUMBER='1' AIRFLOW_CTX_DAG_RUN_ID='scheduled__2024-07-30T20:34:00+00:00'
[2024-07-30T20:35:42.024+0000] {taskinstance.py:430} INFO - ::endgroup::
[2024-07-30T20:35:42.081+0000] {taskinstance.py:441} INFO - ::group::Post task execution logs
[2024-07-30T20:35:42.085+0000] {taskinstance.py:2905} ERROR - Task failed with exception
Traceback (most recent call last):
  File "/home/airflow/.local/lib/python3.8/site-packages/airflow/models/taskinstance.py", line 465, in _execute_task
    result = _execute_callable(context=context, **execute_callable_kwargs)
  File "/home/airflow/.local/lib/python3.8/site-packages/airflow/models/taskinstance.py", line 432, in _execute_callable
    return execute_callable(context=context, **execute_callable_kwargs)
  File "/home/airflow/.local/lib/python3.8/site-packages/airflow/models/baseoperator.py", line 401, in wrapper
    return func(self, *args, **kwargs)
  File "/home/airflow/.local/lib/python3.8/site-packages/airflow/operators/python.py", line 235, in execute
    return_value = self.execute_callable()
  File "/home/airflow/.local/lib/python3.8/site-packages/airflow/operators/python.py", line 252, in execute_callable
    return self.python_callable(*self.op_args, **self.op_kwargs)
  File "/opt/airflow/dags/funtions.py", line 46, in transform_data
    data_df=pd.read_parquet(temp_file)
  File "/home/airflow/.local/lib/python3.8/site-packages/pandas/io/parquet.py", line 509, in read_parquet
    return impl.read(
  File "/home/airflow/.local/lib/python3.8/site-packages/pandas/io/parquet.py", line 227, in read
    pa_table = self.api.parquet.read_table(
  File "/home/airflow/.local/lib/python3.8/site-packages/pyarrow/parquet/core.py", line 1762, in read_table
    dataset = ParquetDataset(
  File "/home/airflow/.local/lib/python3.8/site-packages/pyarrow/parquet/core.py", line 1340, in __init__
    self._dataset = ds.dataset(path_or_paths, filesystem=filesystem,
  File "/home/airflow/.local/lib/python3.8/site-packages/pyarrow/dataset.py", line 814, in dataset
    raise TypeError(
TypeError: Expected a path-like, list of path-likes or a list of Datasets instead of the given type: NoneType
[2024-07-30T20:35:42.162+0000] {taskinstance.py:1206} INFO - Marking task as UP_FOR_RETRY. dag_id=Pipeline, task_id=transforms_data, run_id=scheduled__2024-07-30T20:34:00+00:00, execution_date=20240730T203400, start_date=20240730T203541, end_date=20240730T203542
[2024-07-30T20:35:42.223+0000] {standard_task_runner.py:110} ERROR - Failed to execute job 499 for task transforms_data (Expected a path-like, list of path-likes or a list of Datasets instead of the given type: NoneType; 6439)
[2024-07-30T20:35:42.267+0000] {local_task_job_runner.py:243} INFO - Task exited with return code 1
[2024-07-30T20:35:42.390+0000] {taskinstance.py:3503} INFO - 0 downstream tasks scheduled from follow-on schedule check
[2024-07-30T20:35:42.404+0000] {local_task_job_runner.py:222} INFO - ::endgroup::
