[2024-07-30T23:39:16.943+0000] {local_task_job_runner.py:120} INFO - ::group::Pre task execution logs
[2024-07-30T23:39:16.967+0000] {taskinstance.py:2076} INFO - Dependencies all met for dep_context=non-requeueable deps ti=<TaskInstance: Pipeline.Get_data scheduled__2024-07-30T23:38:00+00:00 [queued]>
[2024-07-30T23:39:16.977+0000] {taskinstance.py:2076} INFO - Dependencies all met for dep_context=requeueable deps ti=<TaskInstance: Pipeline.Get_data scheduled__2024-07-30T23:38:00+00:00 [queued]>
[2024-07-30T23:39:16.979+0000] {taskinstance.py:2306} INFO - Starting attempt 1 of 2
[2024-07-30T23:39:16.993+0000] {taskinstance.py:2330} INFO - Executing <Task(PythonOperator): Get_data> on 2024-07-30 23:38:00+00:00
[2024-07-30T23:39:17.001+0000] {standard_task_runner.py:64} INFO - Started process 2448 to run task
[2024-07-30T23:39:17.004+0000] {standard_task_runner.py:90} INFO - Running: ['***', 'tasks', 'run', 'Pipeline', 'Get_data', 'scheduled__2024-07-30T23:38:00+00:00', '--job-id', '515', '--raw', '--subdir', 'DAGS_FOLDER/pipeline.py', '--cfg-path', '/tmp/tmpolx5_k2v']
[2024-07-30T23:39:17.042+0000] {standard_task_runner.py:91} INFO - Job 515: Subtask Get_data
[2024-07-30T23:39:17.145+0000] {task_command.py:426} INFO - Running <TaskInstance: Pipeline.Get_data scheduled__2024-07-30T23:38:00+00:00 [running]> on host f17ca52b44b4
[2024-07-30T23:39:17.245+0000] {taskinstance.py:2648} INFO - Exporting env vars: AIRFLOW_CTX_DAG_OWNER='***' AIRFLOW_CTX_DAG_ID='Pipeline' AIRFLOW_CTX_TASK_ID='Get_data' AIRFLOW_CTX_EXECUTION_DATE='2024-07-30T23:38:00+00:00' AIRFLOW_CTX_TRY_NUMBER='1' AIRFLOW_CTX_DAG_RUN_ID='scheduled__2024-07-30T23:38:00+00:00'
[2024-07-30T23:39:17.247+0000] {taskinstance.py:430} INFO - ::endgroup::
[2024-07-30T23:39:18.115+0000] {logging_mixin.py:188} INFO - Obtained data
[2024-07-30T23:39:18.136+0000] {logging_mixin.py:188} INFO - File permissions: 644
[2024-07-30T23:39:18.137+0000] {logging_mixin.py:188} INFO - File owner: 50000
[2024-07-30T23:39:18.138+0000] {logging_mixin.py:188} INFO - Current user: 50000
[2024-07-30T23:39:18.138+0000] {logging_mixin.py:188} INFO - Parquet file created at: /tmp/datos_temp.parquet
[2024-07-30T23:39:18.155+0000] {python.py:237} INFO - Done. Returned value was: /tmp/datos_temp.parquet
[2024-07-30T23:39:18.156+0000] {taskinstance.py:441} INFO - ::group::Post task execution logs
[2024-07-30T23:39:18.174+0000] {taskinstance.py:1206} INFO - Marking task as SUCCESS. dag_id=Pipeline, task_id=Get_data, run_id=scheduled__2024-07-30T23:38:00+00:00, execution_date=20240730T233800, start_date=20240730T233916, end_date=20240730T233918
[2024-07-30T23:39:18.226+0000] {local_task_job_runner.py:243} INFO - Task exited with return code 0
[2024-07-30T23:39:18.284+0000] {taskinstance.py:3503} INFO - 1 downstream tasks scheduled from follow-on schedule check
[2024-07-30T23:39:18.297+0000] {local_task_job_runner.py:222} INFO - ::endgroup::
