[2024-07-25T02:51:02.264+0000] {local_task_job_runner.py:120} INFO - ::group::Pre task execution logs
[2024-07-25T02:51:02.443+0000] {taskinstance.py:2076} INFO - Dependencies all met for dep_context=non-requeueable deps ti=<TaskInstance: Pipeline.first_task scheduled__2024-07-25T02:50:00+00:00 [queued]>
[2024-07-25T02:51:02.452+0000] {taskinstance.py:2076} INFO - Dependencies all met for dep_context=requeueable deps ti=<TaskInstance: Pipeline.first_task scheduled__2024-07-25T02:50:00+00:00 [queued]>
[2024-07-25T02:51:02.452+0000] {taskinstance.py:2306} INFO - Starting attempt 1 of 2
[2024-07-25T02:51:02.464+0000] {taskinstance.py:2330} INFO - Executing <Task(PythonOperator): first_task> on 2024-07-25 02:50:00+00:00
[2024-07-25T02:51:02.473+0000] {warnings.py:112} WARNING - /home/***/.local/lib/python3.12/site-packages/***/task/task_runner/standard_task_runner.py:62: DeprecationWarning: This process (pid=785) is multi-threaded, use of fork() may lead to deadlocks in the child.
  pid = os.fork()

[2024-07-25T02:51:02.476+0000] {standard_task_runner.py:64} INFO - Started process 787 to run task
[2024-07-25T02:51:02.475+0000] {standard_task_runner.py:90} INFO - Running: ['***', 'tasks', 'run', 'Pipeline', 'first_task', 'scheduled__2024-07-25T02:50:00+00:00', '--job-id', '46', '--raw', '--subdir', 'DAGS_FOLDER/pipeline.py', '--cfg-path', '/tmp/tmp_jbpvoql']
[2024-07-25T02:51:02.477+0000] {standard_task_runner.py:91} INFO - Job 46: Subtask first_task
[2024-07-25T02:51:02.521+0000] {task_command.py:426} INFO - Running <TaskInstance: Pipeline.first_task scheduled__2024-07-25T02:50:00+00:00 [running]> on host f7d3c5e5ad21
[2024-07-25T02:51:02.611+0000] {taskinstance.py:2648} INFO - Exporting env vars: AIRFLOW_CTX_DAG_OWNER='***' AIRFLOW_CTX_DAG_ID='Pipeline' AIRFLOW_CTX_TASK_ID='first_task' AIRFLOW_CTX_EXECUTION_DATE='2024-07-25T02:50:00+00:00' AIRFLOW_CTX_TRY_NUMBER='1' AIRFLOW_CTX_DAG_RUN_ID='scheduled__2024-07-25T02:50:00+00:00'
[2024-07-25T02:51:02.612+0000] {taskinstance.py:430} INFO - ::endgroup::
[2024-07-25T02:51:03.301+0000] {logging_mixin.py:188} INFO - Obtained data
[2024-07-25T02:51:03.304+0000] {python.py:237} INFO - Done. Returned value was: None
[2024-07-25T02:51:03.307+0000] {taskinstance.py:441} INFO - ::group::Post task execution logs
[2024-07-25T02:51:03.325+0000] {taskinstance.py:1206} INFO - Marking task as SUCCESS. dag_id=Pipeline, task_id=first_task, run_id=scheduled__2024-07-25T02:50:00+00:00, execution_date=20240725T025000, start_date=20240725T025102, end_date=20240725T025103
[2024-07-25T02:51:03.418+0000] {local_task_job_runner.py:243} INFO - Task exited with return code 0
[2024-07-25T02:51:03.503+0000] {taskinstance.py:3503} INFO - 0 downstream tasks scheduled from follow-on schedule check
[2024-07-25T02:51:03.509+0000] {local_task_job_runner.py:222} INFO - ::endgroup::
